=========================================================
Scheduler report file
Generated by stratus_hls 19.12-s100  (91710.131054)
On:          Mon Apr 26 02:09:12 2021
Project Dir: /home/m109/m109061613/EE6470/hw5_part1/stratus
Module:      SobelFilter
HLS Config:  DPA
=========================================================
Scheduler report for : gen_prev_trig_reg                                                                          
----------------------------------------                                                                                            
                                                                                                                  
Op                    SID(BB;Clocked)  Pipeline Stage  IS     SRCLOC                                              
--                    ---------------  --------------  --     ------                                              
                                                                                                                  
o_result.m_req.gen_p  6 (5:FALSE)      --              FALSE  ../SobelFilter.h,l:22,c:37                          
                                                                                                                  
o_result.m_req.gen_p  12 (11:FALSE)    --              FALSE  ../SobelFilter.h,l:22,c:37                          
                                                                                                                  
o_result.m_req.gen_p  12 (11:FALSE)    --              FALSE  ../SobelFilter.h,l:22,c:37                          
                                                                                                                  
                                                                                                                  
Scheduler report for : gen_active                                                                                 
---------------------------------                                                                                            
                                                                                                                  
Op                    SID(BB;Clocked)  Pipeline Stage  IS     SRCLOC                                              
--                    ---------------  --------------  --     ------                                              
                                                                                                                  
o_result.m_req.gen_a  4 (3:FALSE)      --              FALSE  ../SobelFilter.h,l:22,c:37                          
                                                                                                                  
o_result.m_req.gen_a  4 (3:FALSE)      --              FALSE  ../SobelFilter.h,l:22,c:37                          
                                                                                                                  
o_result.m_req.gen_a  4 (3:FALSE)      --              FALSE  ../SobelFilter.h,l:22,c:37                          
                                                                                                                  
o_result.m_req.gen_a  4 (3:FALSE)      --              FALSE  ../SobelFilter.h,l:22,c:37                          
                                                                                                                  
                                                                                                                  
Scheduler report for : gen_vld                                                                                    
------------------------------                                                                                            
                                                                                                                  
Op                    SID(BB;Clocked)  Pipeline Stage  IS     SRCLOC                                              
--                    ---------------  --------------  --     ------                                              
                                                                                                                  
o_result.gen_vld      4 (3:FALSE)      --              FALSE  ../SobelFilter.h,l:22,c:37                          
                                                                                                                  
o_result.gen_vld      4 (3:FALSE)      --              FALSE  ../SobelFilter.h,l:22,c:37                          
                                                                                                                  
o_result.gen_vld      4 (3:FALSE)      --              FALSE  ../SobelFilter.h,l:22,c:37                          
                                                                                                                  
o_result.gen_vld      4 (3:FALSE)      --              FALSE  ../SobelFilter.h,l:22,c:37                          
                                                                                                                  
                                                                                                                  
Scheduler report for : gen_next_trig_reg                                                                          
----------------------------------------                                                                                            
                                                                                                                  
Op                    SID(BB;Clocked)  Pipeline Stage  IS     SRCLOC                                              
--                    ---------------  --------------  --     ------                                              
                                                                                                                  
o_result.m_req.gen_n  3 (2:TRUE)       --              FALSE  ../SobelFilter.h,l:22,c:37                          
                                                                                                                  
o_result.m_req.gen_n  3 (2:TRUE)       --              FALSE  ../SobelFilter.h,l:22,c:37                          
                                                                                                                  
o_result.m_req.gen_n  3 (2:TRUE)       --              FALSE  ../SobelFilter.h,l:22,c:37                          
                                                                                                                  
                                                                                                                  
Scheduler report for : gen_unvalidated_req                                                                        
------------------------------------------                                                                                            
                                                                                                                  
Op                    SID(BB;Clocked)  Pipeline Stage  IS     SRCLOC                                              
--                    ---------------  --------------  --     ------                                              
                                                                                                                  
i_rgb.gen_unvalidate  8 (7:FALSE)      --              FALSE  ../SobelFilter.h,l:21,c:36                          
                                                                                                                  
i_rgb                 10 (9:FALSE)     --              FALSE  ../SobelFilter.h,l:21,c:36                          
                                                                                                                  
i_rgb.gen_unvalidate  11 (10:TRUE)     --              FALSE  ../SobelFilter.h,l:21,c:36                          
                                                                                                                  
i_rgb.gen_unvalidate  14 (13:FALSE)    --              FALSE  ../SobelFilter.h,l:21,c:36                          
                                                                                                                  
i_rgb.gen_unvalidate  14 (13:FALSE)    --              FALSE  ../SobelFilter.h,l:21,c:36                          
                                                                                                                  
i_rgb.gen_unvalidate  14 (13:FALSE)    --              FALSE  ../SobelFilter.h,l:21,c:36                          
                                                                                                                  
i_rgb.gen_unvalidate  14 (13:FALSE)    --              FALSE  ../SobelFilter.h,l:21,c:36                          
                                                                                                                  
                                                                                                                  
Scheduler report for : gen_do_stall_reg_full                                                                      
--------------------------------------------                                                                                            
                                                                                                                  
Op                    SID(BB;Clocked)  Pipeline Stage  IS     SRCLOC                                              
--                    ---------------  --------------  --     ------                                              
                                                                                                                  
i_rgb.gen_do_stall_r  6 (5:FALSE)      --              FALSE  ../SobelFilter.h,l:21,c:36                          
                                                                                                                  
i_rgb.gen_do_stall_r  12 (11:FALSE)    --              FALSE  ../SobelFilter.h,l:21,c:36                          
                                                                                                                  
i_rgb.gen_do_stall_r  12 (11:FALSE)    --              FALSE  ../SobelFilter.h,l:21,c:36                          
                                                                                                                  
i_rgb.gen_do_stall_r  12 (11:FALSE)    --              FALSE  ../SobelFilter.h,l:21,c:36                          
                                                                                                                  
i_rgb.gen_do_stall_r  12 (11:FALSE)    --              FALSE  ../SobelFilter.h,l:21,c:36                          
                                                                                                                  
                                                                                                                  
Scheduler report for : do_filter                                                                                  
--------------------------------                                                                                            
                                                                                                                  
Op                    SID(BB;Clocked)  Pipeline Stage  IS     SRCLOC                                              
--                    ---------------  --------------  --     ------                                              
                                                                                                                  
i_rgb.m_busy_req_0.r  3 (2:FALSE)      --              FALSE  @(f:../SobelFilter.h,l:21,c:36->f:/usr/cadtool/cad  
                                                                                                                  
i_rgb.m_stalling.res  3 (2:FALSE)      --              FALSE  @(f:../SobelFilter.h,l:21,c:36->f:/usr/cadtool/cad  
                                                                                                                  
o_result.m_req.m_tri  3 (2:FALSE)      --              FALSE  @(f:../SobelFilter.h,l:22,c:37->f:/usr/cadtool/cad  
                                                                                                                  
filter                5 (4:FALSE)      --              FALSE  ../SobelFilter.cpp,l:29,c:11 -> l:51,c:2            
                                                                                                                  
v                     5 (4:FALSE)      --              FALSE  ../SobelFilter.cpp,l:40,c:46 -> l:54,c:8            
                                                                                                                  
B                     5 (4:FALSE)      --              FALSE  ../SobelFilter.cpp,l:42,c:20 -> l:53,c:11           
                                                                                                                  
G                     5 (4:FALSE)      --              FALSE  ../SobelFilter.cpp,l:42,c:17 -> l:53,c:7            
                                                                                                                  
R                     5 (4:FALSE)      --              FALSE  ../SobelFilter.cpp,l:42,c:14 -> l:53,c:3            
                                                                                                                  
B                     6 (5:FALSE)      --              FALSE  ../SobelFilter.cpp,l:42,c:20 -> l:54,c:3            
                                                                                                                  
G                     6 (5:FALSE)      --              FALSE  ../SobelFilter.cpp,l:42,c:17 -> l:54,c:3            
                                                                                                                  
R                     6 (5:FALSE)      --              FALSE  ../SobelFilter.cpp,l:42,c:14 -> l:54,c:3            
                                                                                                                  
v                     6 (5:FALSE)      --              FALSE  ../SobelFilter.cpp,l:40,c:46 -> l:54,c:35           
                                                                                                                  
filter                6 (5:FALSE)      --              FALSE  ../SobelFilter.cpp,l:29,c:11 -> l:54,c:3            
                                                                                                                  
u                     6 (5:FALSE)      --              FALSE  ../SobelFilter.cpp,l:40,c:49 -> l:56,c:9            
                                                                                                                  
B                     7 (6:FALSE)      --              FALSE  ../SobelFilter.cpp,l:42,c:20 -> l:74,c:6            
                                                                                                                  
G                     7 (6:FALSE)      --              FALSE  ../SobelFilter.cpp,l:42,c:17 -> l:73,c:6            
                                                                                                                  
R                     7 (6:FALSE)      --              FALSE  ../SobelFilter.cpp,l:42,c:14 -> l:72,c:6            
                                                                                                                  
u                     7 (6:FALSE)      --              FALSE  ../SobelFilter.cpp,l:40,c:49 -> l:56,c:35           
                                                                                                                  
filter                7 (6:FALSE)      --              FALSE  ../SobelFilter.cpp,l:29,c:11 -> l:72,c:45           
                                                                                                                  
i_rgb.m_busy_req_0.g  8 (7:FALSE)      --              FALSE  @(f:../SobelFilter.h,l:21,c:36->f:/usr/cadtool/cad  
                                                                                                                  
i_rgb                 10 (9:TRUE)      --              FALSE  ../SobelFilter.h,l:21,c:36                          
                                                                                                                  
do_filter::get        10 (9:TRUE)      --              FALSE  ../SobelFilter.cpp,l:38,c:19 mapped                 
                                                                                                                  
filter                10 (9:TRUE)      --              FALSE  ../SobelFilter.cpp,l:29,c:11                        
                                                                                                                  
i_rgb.m_busy_req_0.g  11 (10:FALSE)    --              FALSE  @(f:../SobelFilter.h,l:21,c:36->f:/usr/cadtool/cad  
                                                                                                                  
operator++            13 (12:FALSE)    --              FALSE  ../SobelFilter.cpp,l:54,c:33 &                      
                                                                                                                  
operator++            13 (12:FALSE)    --              FALSE  ../SobelFilter.cpp,l:56,c:33 &                      
                                                                                                                  
i_rgb.data.get::nb_g  13 (12:FALSE)    --              FALSE  @(f:../SobelFilter.h,l:21,c:36->f:/usr/cadtool/cad  
                                                                                                                  
from_tb_b             13 (12:FALSE)    --              FALSE  ../SobelFilter.cpp,l:40,c:35 -> l:69,c:5            
                                                                                                                  
from_tb_r             13 (12:FALSE)    --              FALSE  ../SobelFilter.cpp,l:40,c:13 -> l:67,c:5            
                                                                                                                  
from_tb_g             13 (12:FALSE)    --              FALSE  ../SobelFilter.cpp,l:40,c:24 -> l:68,c:5            
                                                                                                                  
filter                14 (13:TRUE)     --              FALSE  ../SobelFilter.cpp,l:29,c:11                        
                                                                                                                  
f:../SobelFilter.cpp  14 (13:TRUE)     --              FALSE  & operator+= @c:8                                   
                                                                                                                  
f:../SobelFilter.cpp  17 (15:TRUE)     --              FALSE  & c:17                                              
                                                                                                                  
f:../SobelFilter.cpp  18 (16:FALSE)    --              FALSE  & c:18                                              
                                                                                                                  
f:../SobelFilter.cpp  18 (16:FALSE)    --              FALSE  & operator+= @c:8                                   
                                                                                                                  
f:../SobelFilter.cpp  18 (16:FALSE)    --              FALSE  & operator+= @c:8                                   
                                                                                                                  
result                18 (16:FALSE)    --              FALSE  ../SobelFilter.cpp,l:41,c:19 -> l:80,c:3            
                                                                                                                  
o_result.data.put::n  23 (21:FALSE)    --              FALSE  @(f:../SobelFilter.h,l:22,c:37->f:/usr/cadtool/cad  
                                                                                                                  
o_result              23 (21:FALSE)    --              FALSE  ../SobelFilter.h,l:22,c:37                          
                                                                                                                  
o_result.m_req.m_tri  23 (21:FALSE)    --              FALSE  @(f:../SobelFilter.h,l:22,c:37->f:/usr/cadtool/cad  
                                                                                                                  
o_result              25 (23:TRUE)     --              FALSE  ../SobelFilter.h,l:22,c:37                          
                                                                                                                  
do_filter::put        25 (23:TRUE)     --              FALSE  ../SobelFilter.cpp,l:38,c:19 mapped                 
                                                                                                                  
                                                                                                                  
Scheduler report for : gen_stalling                                                                               
-----------------------------------                                                                                            
                                                                                                                  
Op                    SID(BB;Clocked)  Pipeline Stage  IS     SRCLOC                                              
--                    ---------------  --------------  --     ------                                              
                                                                                                                  
o_result.gen_stallin  5 (4:TRUE)       --              FALSE  ../SobelFilter.h,l:22,c:37                          
                                                                                                                  
o_result.gen_stallin  6 (5:FALSE)      --              FALSE  ../SobelFilter.h,l:22,c:37                          
                                                                                                                  
o_result.gen_stallin  6 (5:FALSE)      --              FALSE  ../SobelFilter.h,l:22,c:37                          
                                                                                                                  
o_result.gen_stallin  6 (5:FALSE)      --              FALSE  ../SobelFilter.h,l:22,c:37                          
                                                                                                                  
                                                                                                                  
Scheduler report for : gen_unacked_req                                                                            
--------------------------------------                                                                                            
                                                                                                                  
Op                    SID(BB;Clocked)  Pipeline Stage  IS     SRCLOC                                              
--                    ---------------  --------------  --     ------                                              
                                                                                                                  
o_result.gen_unacked  6 (5:FALSE)      --              FALSE  ../SobelFilter.h,l:22,c:37                          
                                                                                                                  
o_result.gen_unacked  12 (11:FALSE)    --              FALSE  ../SobelFilter.h,l:22,c:37                          
                                                                                                                  
o_result.gen_unacked  12 (11:FALSE)    --              FALSE  ../SobelFilter.h,l:22,c:37                          
                                                                                                                  
                                                                                                                  
Scheduler report for : gen_do_reg_vld                                                                             
-------------------------------------                                                                                            
                                                                                                                  
Op                    SID(BB;Clocked)  Pipeline Stage  IS     SRCLOC                                              
--                    ---------------  --------------  --     ------                                              
                                                                                                                  
i_rgb.gen_do_reg_vld  8 (7:FALSE)      --              FALSE  ../SobelFilter.h,l:21,c:36                          
                                                                                                                  
i_rgb                 10 (9:FALSE)     --              FALSE  ../SobelFilter.h,l:21,c:36                          
                                                                                                                  
i_rgb.gen_do_reg_vld  11 (10:TRUE)     --              FALSE  ../SobelFilter.h,l:21,c:36                          
                                                                                                                  
i_rgb.gen_do_reg_vld  14 (13:FALSE)    --              FALSE  ../SobelFilter.h,l:21,c:36                          
                                                                                                                  
i_rgb.gen_do_reg_vld  14 (13:FALSE)    --              FALSE  ../SobelFilter.h,l:21,c:36                          
                                                                                                                  
i_rgb.gen_do_reg_vld  14 (13:FALSE)    --              FALSE  ../SobelFilter.h,l:21,c:36                          
                                                                                                                  
i_rgb.gen_do_reg_vld  14 (13:FALSE)    --              FALSE  ../SobelFilter.h,l:21,c:36                          
                                                                                                                  
                                                                                                                  
Scheduler report for : gen_busy                                                                                   
-------------------------------                                                                                            
                                                                                                                  
Op                    SID(BB;Clocked)  Pipeline Stage  IS     SRCLOC                                              
--                    ---------------  --------------  --     ------                                              
                                                                                                                  
i_rgb.gen_busy::use_  7 (6:FALSE)      --              FALSE  ../SobelFilter.h,l:21,c:36                          
                                                                                                                  
i_rgb.gen_busy        7 (6:FALSE)      --              FALSE  ../SobelFilter.h,l:21,c:36                          
                                                                                                                  
i_rgb.gen_busy        7 (6:FALSE)      --              FALSE  ../SobelFilter.h,l:21,c:36                          
                                                                                                                  
i_rgb.gen_busy        7 (6:FALSE)      --              FALSE  ../SobelFilter.h,l:21,c:36                          
                                                                                                                  
i_rgb.gen_busy        7 (6:FALSE)      --              FALSE  ../SobelFilter.h,l:21,c:36                          
                                                                                                                  
i_rgb.gen_busy        7 (6:FALSE)      --              FALSE  ../SobelFilter.h,l:21,c:36                          
                                                                                                                  
i_rgb.gen_busy        7 (6:FALSE)      --              FALSE  ../SobelFilter.h,l:21,c:36                          
                                                                                                                  
i_rgb.gen_busy        8 (7:FALSE)      --              FALSE  ../SobelFilter.h,l:21,c:36                          
                                                                                                                  
i_rgb.gen_busy        8 (7:FALSE)      --              FALSE  ../SobelFilter.h,l:21,c:36                          
                                                                                                                  
i_rgb.gen_busy        8 (7:FALSE)      --              FALSE  ../SobelFilter.h,l:21,c:36                          
                                                                                                                  
i_rgb.gen_busy        8 (7:FALSE)      --              FALSE  ../SobelFilter.h,l:21,c:36                          
                                                                                                                  
                                                                                                                  
