irun(64): 15.20-s039: (c) Copyright 1995-2017 Cadence Design Systems, Inc.
TOOL:	irun(64)	15.20-s039: Started on Apr 26, 2021 at 02:09:29 CST
irun
	+nc64bit
	+incdir+/usr/cadtool/cadence/STRATUS/cur/tools.lnx86/stratus/lib
	+incdir+bdw_work/wrappers
	+access+rw
	+loadpli1=/usr/cadtool/cadence/STRATUS/cur/tools.lnx86/stratus/lib/64bit/ncvlog_ssl:ssl_bootstrap
	+ncinput+bdw_work/sims/V_DPA/ncverilog.do
	+nclibdirname+bdw_work/sims/V_DPA
	-f bdw_work/sims/V_DPA/siminfo
		bdw_work/sims/top_V_DPA.v
		bdw_work/wrappers/SobelFilter_cosim.v
		bdw_work/modules/SobelFilter/DPA/SobelFilter_rtl.v
		bdw_work/modules/SobelFilter/DPA/v_rtl/SobelFilter_ROM_9X32_filter.v
	+libext+.v
	+define+ioConfig
	+define+BDW_RTL_SobelFilter_DPA
	+nowarn+LIBNOU
	+hubSetOption+libdef=bdw_work/sims/V_DPA/sim_V_DPA.so
	+hubSetOption+bdr=bdw_work/sims/V_DPA/sim.bdr
	-l bdw_work/sims/V_DPA/bdw_sim_verilog.log

   User defined plus("+") options:
	+hubSetOption+libdef=bdw_work/sims/V_DPA/sim_V_DPA.so
	+hubSetOption+bdr=bdw_work/sims/V_DPA/sim.bdr

file: bdw_work/sims/top_V_DPA.v
	module worklib.top:v
		errors: 0, warnings: 0
file: bdw_work/wrappers/SobelFilter_cosim.v
	module worklib.SobelFilter_cosim:v
		errors: 0, warnings: 0
file: bdw_work/modules/SobelFilter/DPA/SobelFilter_rtl.v
	module worklib.SobelFilter:v
		errors: 0, warnings: 0
file: bdw_work/modules/SobelFilter/DPA/v_rtl/SobelFilter_ROM_9X32_filter.v
	module worklib.SobelFilter_ROM_9X32_filter:v
		errors: 0, warnings: 0
ncvlog: *W,SPDUSD: Include directory bdw_work/wrappers given but not used.
	Total errors/warnings found outside modules and primitives:
		errors: 0, warnings: 1
*** Registering Hub PLI1.0 Interface***
		Caching library 'worklib' ....... Done
	Elaborating the design hierarchy:
	Top level design units:
		top
	Building instance overlay tables: ....................
            $readmemh("bdw_work/modules/SobelFilter/DPA/SobelFilter_ROM_9X32_filter_0.memh", filter);
                                                                                                  |
ncelab: *W,MEMODR (./bdw_work/modules/SobelFilter/DPA/v_rtl/SobelFilter_ROM_9X32_filter.v,17|98): $readmem default memory order incompatible with IEEE1364.
 Done
	Generating native compiled code:
		worklib.SobelFilter:v <0x60a21532>
			streams:  43, words: 14983
		worklib.SobelFilter_ROM_9X32_filter:v <0x4c1f3dba>
			streams:   3, words:   924
		worklib.top:v <0x38f92180>
			streams: 114, words: 98503
	Building instance specific data structures.
	Loading native compiled code:     .................... Done
	Design hierarchy summary:
		                 Instances  Unique
		Modules:                 4       4
		Registers:             148     148
		Scalar wires:           15       -
		Vectored wires:         10       -
		Always blocks:          32      32
		Initial blocks:          8       8
		Cont. assignments:      13      18
		Pseudo assignments:      5       5
		Simulation timescale:  1ps
	Writing initial simulation snapshot: worklib.top:v
Loading snapshot worklib.top:v .................... Done
*Verdi* Loading libsscore_ius152.so
*** Registering Hub PLI1.0 Interface***
ncsim> source /usr/cad/cadence/INCISIV/cur/tools/inca/files/ncsimrc
ncsim> 
ncsim> run
NOTE: Cadence Design Systems Hub Simulation Platform : version 19.12-s100
Simulation stopped via $stop(1) at time 76021815100 PS + 0
./bdw_work/sims/top_V_DPA.v:63 		#100 $stop;
ncsim> quit
TOOL:	irun(64)	15.20-s039: Exiting on Apr 26, 2021 at 02:15:16 CST  (total: 00:05:47)
